   8.22867037E-07
   1.17449531E-07
   1.99999999E-08
  0.495505154    
   2.21513019E-05
   1.99999999E-08
   1.99999999E-08
   1.99999999E-08
   1.61322057    
   1.18372089E-04
   1.99999999E-08
  0.752010942    
   1.99999999E-08
   7.75881868E-04
   1.93607202E-03
   2.06188797E-05
  0.254294336    
   1.99999999E-08
   1.99999999E-08
   1.99999999E-08
   1.08462009E-05
   1.43561138E-07
   7.36271068E-06
   1.99999999E-08
   3.68155582E-07
   3.31474119E-04
   2.35658768E-03
   6.76452473E-05
   3.02949161E-07
   1.99999999E-08
   1.99999999E-08
   1.99999999E-08
   1.79382670E-03
   1.99999999E-08
   1.04800737    
   1.99999999E-08
   1.71573879E-06
   1.99999999E-08
   7.42461680E-07
   2.09464049    
   1.99999999E-08
   1.99999999E-08
   2.90648268E-06
   5.48720884E-04
   1.99999999E-08
   1.22311042E-06
   1.99999999E-08
   4.39561336E-06
   1.99999999E-08
   1.99999999E-08
   6.34422440E-06
   6.40701910E-06
   1.99999999E-08
   4.23871506E-06
   6.80416706E-05
   3.74501610E-06
   1.80256632E-06
   1.99999999E-08
   1.99999999E-08
   2.25974600E-06
   5.43328049E-03
   1.99999999E-08
   1.99999999E-08
   1.46197249E-06
   1.11811832E-02
   9.89889372E-07
   1.99999999E-08
   3.37600625E-07
   1.02246469E-02
   1.99999999E-08
   1.99999999E-08
   1.99999999E-08
   1.99999999E-08
  0.540696383    
   6.53339375E-04
   1.56285775    
  0.113546237    
   1.99999999E-08
   1.99999999E-08
   1.99999999E-08
   1.21862072E-07
   1.99999999E-08
   3.93001712E-04
   1.99999999E-08
   5.71056120E-02
   4.34675924E-02
   6.30487079E-07
   1.99999999E-08
   1.99999999E-08
   1.99999999E-08
   3.35459042    
   1.99999999E-08
   1.99999999E-08
   9.26502762E-05
   3.19889896E-02
   1.99999999E-08
   1.99999999E-08
   1.99999999E-08
   1.09200087E-07
   1.99999999E-08
   9.75501280E-07
   1.99999999E-08
   9.54470579E-07
   8.49004282E-05
   1.99999999E-08
   1.99999999E-08
   1.31461547E-05
   5.59147373E-02
  0.860493600    
  0.238691881    
  0.229599044    
   1.99999999E-08
   2.15686077E-06
   1.99999999E-08
   1.98730994E-02
   1.99999999E-08
   4.86375540E-02
   2.73148203E-06
   2.67408359E-06
   9.73039641E-05
   1.13205388E-04
  0.239190489    
   7.07271683E-05
   1.99999999E-08
   1.99999999E-08
   1.00493871E-05
   7.77000189E-03
   1.99999999E-08
   1.29868346E-03
   1.99999999E-08
  0.179539651    
   9.88931302E-03
   5.28157456E-04
   1.16773572E-06
   1.99999999E-08
   1.99999999E-08
   2.61820480E-03
   8.59920692E-06
   1.99999999E-08
   1.20619305E-07
   1.99999999E-08
  0.342516154    
   7.76830802E-07
   2.07801122E-06
   7.57286176E-02
   6.81294277E-02
   5.22312112E-05
   3.12360129E-07
   3.29235377E-06
   2.10555754E-06
   1.99999999E-08
   2.46544687E-06
   5.26936958E-07
   8.17039472E-06
   1.99999999E-08
  0.277777433    
   6.66161941E-05
   4.73241727E-07
   2.11545625E-07
   7.27511123E-02
   5.50283468E-04
   6.88067075E-07
   2.80716689E-03
   1.99999999E-08
   1.39541837E-04
   2.82008350E-02
   1.99999999E-08
   9.05397639E-04
   1.99999999E-08
   8.11994425E-04
   2.74508558E-02
   1.99999999E-08
   7.47144850E-06
   9.14608265E-08
   1.29213859E-05
  0.101204351    
  0.642585576    
   1.99999999E-08
   2.23686434E-02
  0.262457848    
   2.88626878E-04
  0.503525496    
   1.99999999E-08
   1.35348728E-07
   1.99999999E-08
   3.65047832E-04
   1.99999999E-08
   1.99999999E-08
   1.99999999E-08
   1.99999999E-08
   1.99999999E-08
   2.12334726E-07
   1.99999999E-08
   1.99999999E-08
   1.99999999E-08
  0.866105497    
   1.99999999E-08
   6.19982518E-02
   2.82952851E-06
   1.99999999E-08
   1.99999999E-08
   1.99999999E-08
   1.23282149E-02
   1.99999999E-08
   2.64107221E-05
   3.60785872E-02
   3.58138493E-07
   1.99999999E-08
   1.99999999E-08
   1.99999999E-08
   1.74822816E-07
   1.99999999E-08
   1.99999999E-08
   1.99999999E-08
   1.99999999E-08
   1.60722248E-05
  0.249365360    
   3.82223241E-02
   2.35423557E-02
   8.55384627E-04
   1.99999999E-08
   1.99999999E-08
   1.99999999E-08
   1.99999999E-08
   1.99999999E-08
   1.99999999E-08
   1.99999999E-08
  0.105975710    
   5.95805719E-02
   1.99999999E-08
   1.29175372E-04
  0.262616456    
   6.98964868E-05
   1.99999999E-08
   7.02045963E-06
   1.11111449E-05
   1.99999999E-08
   5.17849767E-05
   1.99999999E-08
   1.99999999E-08
   3.42547370E-04
   3.23305081E-04
   6.13472611E-02
   8.10564234E-06
   2.11599851    
   2.58426452    
   3.32320924E-05
   7.38616745E-06
   7.77459741E-02
   1.99999999E-08
   1.07424916E-04
   2.65530133E-07
   3.45778644E-05
   1.37015933E-03
   1.99999999E-08
   1.99999999E-08
  0.157620147    
   1.99999999E-08
   1.99999999E-08
   1.99999999E-08
   3.00027616E-02
   1.21423500E-06
   1.99999999E-08
   2.59003684E-07
   1.20199639E-02
   1.36669588    
   1.99999999E-08
  0.320137531    
   1.99999999E-08
   1.96650362E-05
   1.90869599E-04
   3.76020551    
   5.84864974E-05
   4.57759006E-06
   2.59955949E-03
   1.99999999E-08
   1.29353211E-07
  0.243312955    
   1.99999999E-08
   6.37637422E-05
   1.30305216E-02
   4.59743722E-04
   1.99999999E-08
   1.99999999E-08
   1.99999999E-08
   1.26412688E-05
   6.25488069E-03
   5.38265482E-02
   1.24738308E-05
   1.56680951E-04
   1.99999999E-08
   7.73976138E-03
   1.99999999E-08
   9.85620543E-03
   1.99999999E-08
   1.99387595E-03
   3.38771642E-04
   1.99999999E-08
   1.99999999E-08
   2.13067964E-04
   2.94567144E-07
  0.194377229    
   3.65838334E-02
   2.28778168E-04
   2.85329006E-04
   7.88214238E-05
   1.31844571E-02
   1.99999999E-08
   2.23576876E-06
   5.48018366E-02
   1.99999999E-08
  0.103076719    
   1.47310266E-06
   1.99999999E-08
   1.99999999E-08
   1.99999999E-08
   1.08038066E-02
   1.99999999E-08
   1.99999999E-08
   1.24951163E-02
   1.99999999E-08
   2.61566252E-03
   1.99999999E-08
  0.891829014    
   1.99999999E-08
   1.99999999E-08
   1.99999999E-08
   1.99999999E-08
   1.99999999E-08
   8.68420303E-02
   1.99999999E-08
   1.99999999E-08
   1.99999999E-08
   7.72254452E-07
   1.01081037E-06
   6.88874343E-06
   1.63866723    
   1.10123307E-03
   6.62023667E-04
   1.99999999E-08
   1.99999999E-08
   2.34548643E-04
   2.79819028E-06
   1.99999999E-08
  0.505807996    
   2.28433805E-07
  0.107740507    
   1.99999999E-08
   1.99999999E-08
   1.99999999E-08
   1.99999999E-08
   1.24491071E-02
   1.99999999E-08
   7.70891620E-06
   3.58574539E-02
   2.32505016E-02
   5.11869148E-04
   5.37659901E-07
   8.47201045E-06
  0.347261190    
   1.99999999E-08
   9.95383671E-05
   4.55627628E-07
   6.28821850E-02
   1.99999999E-08
   2.02539726E-03
   2.24263733E-03
   1.99999999E-08
   1.26465167E-07
   1.99999999E-08
   1.99999999E-08
   5.46692263E-06
   1.99999999E-08
   1.12222900E-04
   1.99999999E-08
   1.41848803    
  0.426875204    
   2.03899663E-06
   1.09166896E-03
   1.99999999E-08
   1.99999999E-08
   4.50451116E-05
   6.66289357E-03
   1.74764446E-05
   1.99999999E-08
   2.04682365E-05
   6.51255948E-04
   1.99999999E-08
   1.99999999E-08
   2.18104205E-07
   4.11450048E-04
   5.03354311    
   1.99999999E-08
   1.99999999E-08
   1.99999999E-08
   1.55193775E-04
  0.489544034    
   5.51301315E-02
   8.00070446E-03
  0.235785931    
   1.99999999E-08
  0.520140588    
   7.48314569E-03
   2.14275960E-02
   3.14082646    
   1.99999999E-08
   1.99999999E-08
   1.99999999E-08
   1.99999999E-08
   4.97291921E-07
   5.29480539E-03
   1.70775422E-07
   1.99999999E-08
   1.99999999E-08
   8.81138476E-06
   2.64640839E-04
   1.99999999E-08
   5.92831639E-04
   1.67146209E-05
   5.78452898E-07
   1.99999999E-08
  0.404744446    
  0.243714303    
   1.99999999E-08
   2.89703632E-04
   1.99999999E-08
   1.99999999E-08
   1.99999999E-08
   6.16303005E-05
   7.66404581    
   2.94107776E-02
   1.99999999E-08
   1.99999999E-08
   1.33735568E-06
   1.99999999E-08
   2.40079644E-05
   1.99999999E-08
  0.330202669    
   1.99999999E-08
   1.49300671E-03
  0.871855617    
   3.60850913E-06
   3.56311575E-02
   1.17304098E-05
   3.68821621    
   1.99999999E-08
   1.99999999E-08
   3.10336676E-04
   2.03559068E-07
   9.28796453E-08
   3.85498209E-03
   2.18744432E-07
   1.99999999E-08
   1.99999999E-08
   1.61243905E-03
   1.89936145E-05
   5.78827385E-05
   1.99999999E-08
   3.98923550E-03
   1.36170149    
   3.27514181E-06
   5.19714649E-06
   1.99999999E-08
  0.153043613    
   1.99999999E-08
   1.99999999E-08
   1.99999999E-08
   1.51682520    
   6.52502131E-05
  0.771874726    
   1.99999999E-08
   1.60620344    
   1.99999999E-08
   1.99999999E-08
   1.99999999E-08
   1.26540457E-04
   1.99999999E-08
   1.99999999E-08
  0.122697413    
  0.111084893    
   6.81645179E-06
   1.99999999E-08
   2.74590002E-06
   1.75476801E-02
   2.06080855E-07
   1.99999999E-08
   2.48820055E-03
   1.69517449E-03
   2.75864778E-03
   1.74199579E-06
   1.99999999E-08
   4.66123736E-03
   1.99999999E-08
   1.99999999E-08
  0.303634048    
   1.99999999E-08
   1.99999999E-08
   2.66930652    
   1.99999999E-08
   1.94448512E-02
   1.99999999E-08
   6.81783538E-03
   4.14155011E-06
   1.99999999E-08
   1.99999999E-08
   6.10931702E-02
   1.99999999E-08
   6.28196150E-02
   2.42785859E-06
   1.99999999E-08
   1.25235841E-02
   1.23724341    
   7.61863263E-03
   1.06279643E-07
   1.99999999E-08
   5.13093837E-04
   1.99999999E-08
   1.99999999E-08
   5.63335838E-03
   6.76856916E-06
   1.99999999E-08
   1.99999999E-08
   6.44387752E-02
   1.10809528E-03
   4.84244199E-04
   1.99999999E-08
   1.18572010E-04
   1.99999999E-08
   1.99999999E-08
   1.96282622E-06
   1.23041005E-07
   1.99999999E-08
   9.52512212E-03
   1.99999999E-08
   9.09083430E-03
   1.62273701E-02
   7.39553384E-03
   1.99999999E-08
   6.19769208E-02
   1.99999999E-08
   7.37153925E-04
   3.37686433E-05
   3.08158042E-06
   1.22613902E-03
   1.96546391E-02
   1.34158530E-03
   5.11505380E-02
   1.44570959E-06
   1.99999999E-08
   1.00692654    
   1.29309774E-03
   2.36849766E-02
   1.29018426    
   1.99999999E-08
  0.218402863    
   1.99999999E-08
  0.687120080    
   1.99999999E-08
  0.693463624    
   3.31520852E-07
   1.99999999E-08
   1.99999999E-08
   2.17159968E-02
   1.99999999E-08
   4.63248342E-02
   4.87624056E-05
   1.99999999E-08
   1.02412088E-07
   1.62586293E-05
   1.17671164E-03
   1.99999999E-08
   1.09107226E-04
   1.99999999E-08
   1.99999999E-08
   3.47521222E-07
   1.99999999E-08
   5.97648832E-05
   2.37121392E-04
   1.99999999E-08
   3.08612653E-05
   3.43832755    
   1.99999999E-08
  0.833753109    
   1.83438970E-05
   2.57516840E-05
  0.289138556    
  0.182692260    
   1.99999999E-08
   1.99999999E-08
   2.06820800E-07
   4.84775319E-06
   1.99999999E-08
   1.99999999E-08
   1.99999999E-08
   1.99999999E-08
   1.99999999E-08
   2.22220086E-04
   1.99999999E-08
   1.36871766E-02
   1.99999999E-08
  0.645788789    
   1.07456792E-07
   2.85277423E-03
   1.15016953E-03
   1.99999999E-08
   1.99999999E-08
   2.10236700E-04
   1.99999999E-08
   1.99999999E-08
   1.99999999E-08
   1.99999999E-08
   7.08179368E-06
   3.45214607E-06
   1.99999999E-08
   8.56141746E-02
   1.99999999E-08
  0.249268562    
   1.99999999E-08
   1.99999999E-08
   1.99999999E-08
   1.99999999E-08
   1.99999999E-08
   9.13254771E-05
   1.97172267E-04
   1.99999999E-08
   3.09102070E-05
   1.99999999E-08
   1.99999999E-08
   1.00654812E-04
   1.99999999E-08
  0.802149296    
   7.77149180E-05
   1.88160338E-04
   1.99999999E-08
   3.12589254E-04
   1.99999999E-08
   7.19982684E-02
  0.666353464    
   1.99999999E-08
   7.57586968E-05
   1.99999999E-08
   1.16642368E-05
   1.30168555E-05
   6.88145956E-05
   3.15368874E-03
   1.99999999E-08
   7.58593753E-02
   2.18743444E-05
   1.95482954E-07
   8.78588762E-04
   1.60901811E-06
   1.99999999E-08
   1.99999999E-08
   1.99999999E-08
   1.99999999E-08
   1.99999999E-08
   1.17315650    
   1.99999999E-08
   8.36063846E-05
   1.99999999E-08
   1.99999999E-08
   4.00819932E-04
   1.60592403E-02
   1.99999999E-08
   4.45997827E-02
   1.43224311    
   7.94981793E-02
   2.67989108E-05
   1.79468002E-02
  0.168403700    
   1.99999999E-08
   1.99999999E-08
   2.57483614E-03
   6.14094548E-02
   2.19623786E-07
   8.41556300E-07
   1.99999999E-08
   5.37946646E-04
   1.99999999E-08
   1.22041158E-04
   3.13999597E-04
   1.99999999E-08
   5.46527133E-07
   1.99999999E-08
   4.54379115E-05
   1.99999999E-08
  0.167670473    
   3.60773131E-02
   6.63659424E-02
   1.04772989E-04
   1.99999999E-08
   2.72403541E-03
   1.99999999E-08
   1.07797468E-03
  0.578640103    
   1.99999999E-08
   1.99999999E-08
  0.101343386    
   5.26235817E-05
   1.99999999E-08
   1.72144425    
   2.35363791E-06
   5.59119362E-05
   1.99999999E-08
  0.534216523    
   1.00652878E-05
   2.14285274E-06
   3.69406790E-02
   1.99999999E-08
   1.39062438E-04
   1.99999999E-08
  0.232854724    
   1.99999999E-08
   5.54763005E-07
   6.56818552E-03
   1.99999999E-08
   8.32299120E-05
   1.99999999E-08
   1.99999999E-08
   1.99999999E-08
   7.57698956E-07
   1.99999999E-08
   1.99999999E-08
   3.20249933E-06
   1.19355347E-04
  0.674664736    
   1.99999999E-08
   9.86973755E-04
   7.05794664E-04
   1.99999999E-08
   1.99999999E-08
   2.21354596E-04
   2.65993276E-06
  0.784503698    
   2.92502833E-03
   1.99999999E-08
  0.324822456    
   4.49175015E-03
   4.59033657E-07
   1.37784949E-03
   3.60823469E-04
   1.99999999E-08
   7.73609798E-08
   1.99999999E-08
   4.92897723E-03
   1.99999999E-08
   9.45217349E-03
   4.01909659E-07
   4.62193042E-04
   1.16294014    
   1.99999999E-08
   1.99999999E-08
   5.43248279E-06
   2.89127056E-04
   1.20105062E-06
  0.247255728    
   3.32873810E-07
   1.99999999E-08
   1.40963262E-02
   1.99999999E-08
   8.07450851E-04
   1.99999999E-08
   1.36313687E-07
   1.99999999E-08
   1.00135412E-05
   1.99999999E-08
   1.99999999E-08
   2.77202446E-07
   2.45713745E-05
   1.09759414    
   3.90323699E-02
   1.53786334E-06
  0.350767493    
   1.99999999E-08
   1.99999999E-08
   1.99999999E-08
   5.28719397E-07
   1.99999999E-08
   7.11356506E-06
   9.79758203E-02
   2.68277890E-05
   2.88102200E-07
   1.00902712E-03
   1.06907522E-04
   6.91801589E-03
   6.10727966E-02
  0.922588766    
   1.99999999E-08
  0.152358666    
   1.99999999E-08
  0.338274807    
   6.19260220E-07
   1.99999999E-08
   9.95005394E-08
   1.73467416E-02
   9.60663659E-04
   1.51070228E-04
   1.99999999E-08
   1.99999999E-08
   3.18728780E-07
   2.65128506E-07
   8.39922905E-06
   1.99999999E-08
   1.99999999E-08
   1.99999999E-08
   1.99999999E-08
   8.53945967E-03
   1.99999999E-08
   1.99999999E-08
   4.68532016E-06
   2.78425432E-05
   9.65027511E-02
   1.99999999E-08
  0.130313203    
   1.99999999E-08
   1.99999999E-08
   2.75508000E-07
   1.99999999E-08
   5.16093932E-02
   9.20853745E-06
   1.99999999E-08
   1.81135852E-04
   1.99999999E-08
   1.99999999E-08
   6.42399117E-03
   1.99999999E-08
   2.48170018E-05
   1.24436046E-05
   1.21838669E-03
  0.106652871    
   6.07402716E-03
   1.72860883E-02
   1.99999999E-08
  0.249234155    
   1.99999999E-08
   8.15159362E-03
   1.99999999E-08
   1.99999999E-08
   2.34237123E-05
   2.31672630E-06
   1.26064802E-02
   1.02688407E-03
   5.79178391E-04
   1.99999999E-08
   3.28862893E-06
   1.99999999E-08
   3.10215796E-06
   8.25397365E-06
   4.07680171E-04
   1.63073256E-03
   1.99999999E-08
   1.22368856E-05
  0.499316752    
  0.132765681    
   1.99999999E-08
   1.99999999E-08
   1.26139810E-06
   2.12389068E-06
   1.99999999E-08
   9.20609580E-08
   2.75311200E-03
  0.237181559    
   8.22001311E-08
   1.99999999E-08
  0.284128875    
   1.99999999E-08
   1.54514957E-04
   2.78620486E-04
   4.24715225E-03
   1.99999999E-08
   9.30534850E-04
   5.04477794E-06
   4.57949154E-02
   1.99999999E-08
   2.34857926E-05
   1.20601133E-02
  0.150347501    
  0.113512620    
   1.99999999E-08
   1.99999999E-08
   1.99999999E-08
   1.99999999E-08
   2.83433474E-03
  0.383218080    
   6.19425700E-05
   1.99999999E-08
   1.99999999E-08
   1.99999999E-08
   1.41227245E-03
   1.99999999E-08
   1.30420532E-02
   7.21845936E-07
  0.354817390    
   5.87842776E-04
   3.78670320E-02
   4.71993144E-06
  0.197045535    
   9.75540578E-02
   3.35132005E-04
   1.00498471E-06
   8.09481833E-07
   1.99999999E-08
  0.758657873    
   1.99999999E-08
   4.52246033E-02
   1.99999999E-08
   1.99999999E-08
   7.40565429E-06
   3.35039869E-02
   1.99999999E-08
   7.42464636E-07
   1.99999999E-08
   3.10885534E-02
  0.490692109    
   1.44798867E-06
   3.04508591    
   1.99999999E-08
   1.66008584E-02
   1.99999999E-08
   1.99999999E-08
   5.87455474E-07
   3.46282348E-02
   1.99999999E-08
  0.247188941    
   1.31444959E-03
   2.24177325E-06
   1.99999999E-08
   7.75241405E-02
   3.46863468E-04
   1.99999999E-08
   1.99999999E-08
   1.99999999E-08
   1.99999999E-08
   4.09309287E-04
   1.99999999E-08
   2.69777440E-02
   1.99999999E-08
   1.39851961E-03
   1.50344158E-06
   1.99999999E-08
   1.02949291E-02
   1.24023472E-06
  0.788102329    
   1.69383350E-03
   1.99999999E-08
   3.61840961E-07
   1.99999999E-08
   7.16993441E-07
   7.94052903E-05
   1.99999999E-08
   1.99999999E-08
   9.26787616E-05
   1.99999999E-08
   1.99999999E-08
   1.99999999E-08
   2.88236583E-06
   1.99999999E-08
   1.99999999E-08
   1.99999999E-08
  0.226080030    
   1.99999999E-08
   9.84107282E-06
   2.04988368E-07
   1.99999999E-08
   1.99999999E-08
   1.99999999E-08
   1.99999999E-08
   1.99999999E-08
   1.99999999E-08
   1.99999999E-08
   5.23539679E-03
   1.99999999E-08
   1.99999999E-08
   1.99999999E-08
   2.96432662    
   7.66709036E-07
   6.03103581E-06
   2.31166254E-03
   1.48284240E-02
   1.99999999E-08
   1.99999999E-08
   4.68703307E-04
   2.87600735E-04
   1.51690388    
  0.611333072    
   1.99999999E-08
   1.55481648E-05
   2.29577970E-04
   1.99999999E-08
   1.13325298    
   1.99999999E-08
   1.99999999E-08
   7.28027662E-05
   2.01076364E-05
   1.45009446    
   1.99999999E-08
   1.99999999E-08
   1.99999999E-08
   1.99999999E-08
   1.99999999E-08
   1.58351695E-03
   1.99999999E-08
   3.38457129E-03
   1.99999999E-08
   7.96950735E-06
   1.99999999E-08
   2.93401274E-04
   1.99999999E-08
   1.99999999E-08
   1.99999999E-08
   9.92546906E-04
   1.99999999E-08
   9.78251919E-04
   1.02979657E-05
   1.99999999E-08
   1.99999999E-08
   3.82049194E-07
   1.90199576E-02
   4.07986590E-07
   2.65822268    
   1.99999999E-08
   6.87282295E-07
   1.99999999E-08
   1.99999999E-08
   1.99999999E-08
   1.99999999E-08
  0.192772299    
   3.98043994E-05
   1.99999999E-08
  0.646705866    
   1.99999999E-08
   1.99999999E-08
   1.99999999E-08
   7.63971766E-05
   1.99999999E-08
   1.99999999E-08
   1.99999999E-08
   1.99999999E-08
   8.82788117E-06
  0.250118077    
   6.00671399E-07
   1.99999999E-08
   1.99999999E-08
   4.27303121E-06
   1.99999999E-08
   1.99999999E-08
   1.89751518    
   1.61602038E-05
   1.73781204    
   2.59450849E-06
   2.10104343E-02
   1.10040137E-05
   7.94754028E-02
   1.99999999E-08
   1.99999999E-08
   1.26655120E-02
   1.99999999E-08
   2.78379739E-05
  0.849300086    
   1.99999999E-08
  0.994620085    
   5.56766736E-06
   6.89489707E-06
   1.99999999E-08
   1.99999999E-08
   8.74312900E-06
   5.09196161E-06
   1.99999999E-08
   4.68635062E-06
   9.99948476E-04
   2.09120756E-07
  0.500008166    
   3.95655312E-04
   1.99999999E-08
  0.253936350    
   1.25513725E-06
   6.74408648E-06
   3.02447603E-07
   1.99999999E-08
   1.99999999E-08
   1.99999999E-08
   2.13151992E-07
   1.99999999E-08
   1.99999999E-08
   1.99999999E-08
   1.99999999E-08
   5.39732282E-05
   6.99368725E-03
  0.299982965    
   4.93161360E-06
   1.99999999E-08
   1.99999999E-08
   1.65452002E-06
   1.99999999E-08
   2.99876456E-06
   5.57363046E-06
   4.86925319E-06
   2.17605887E-07
   1.99999999E-08
   1.99999999E-08
  0.464763016    
   5.93022117E-03
   7.93618616E-03
  0.177236944    
   1.99999999E-08
   8.41290148E-06
   1.99999999E-08
   3.17381811E-04
   1.99999999E-08
   1.99999999E-08
   1.37185471E-05
  0.166776106    
   6.68480843E-02
  0.325867593    
   1.56964779E-05
  0.363750577    
   8.22767802E-03
   1.99999999E-08
   1.99999999E-08
   5.64539395E-02
   1.99999999E-08
   1.99999999E-08
   1.09567020E-06
   1.99999999E-08
   1.01101505E-04
   5.43991064E-06
   1.99999999E-08
   5.34878563E-06
   1.99999999E-08
   1.99999999E-08
   8.01683484E-07
   1.14558006E-05
   1.99999999E-08
   2.17364979    
   2.05002371E-02
  0.178288326    
   3.05622499E-02
   6.29360825E-02
   1.99999999E-08
   3.32803801E-02
   2.83445501    
   1.42478279E-06
   1.48864958E-04
   1.71426609E-02
   1.20033483E-05
   5.80920489E-04
   1.99999999E-08
   1.98376452E-04
   5.56615740E-03
   9.03269465E-05
   3.77723045E-04
   9.55564610E-05
   1.36797883E-06
   1.99999999E-08
   1.99999999E-08
   1.99999999E-08
   2.12659035E-02
   1.99999999E-08
   1.99999999E-08
   2.16496468    
  0.899438739    
   5.14388375E-07
   1.57114172E-07
   1.99999999E-08
   1.99999999E-08
   1.99999999E-08
   1.99999999E-08
   1.04121736E-03
   4.49205609E-03
   1.99999999E-08
   2.95362581E-04
   9.50892195E-02
   1.99999999E-08
  0.152434260    
   9.31219547E-05
   1.99999999E-08
   6.45173620E-03
   8.18668050E-04
  0.329782039    
   1.04323226E-05
   4.76091664E-05
   2.37977019E-05
   1.68595481    
   1.23086284E-05
   1.99999999E-08
   3.42972226E-06
   3.77598826E-06
   1.99999999E-08
   4.61428455E-04
   2.24960372E-02
   5.13488194E-05
   1.99999999E-08
   1.99999999E-08
   1.99999999E-08
   8.16817828E-06
   1.99999999E-08
   1.20152970E-06
   1.02066207    
   9.75732878E-02
   1.52108038E-03
   7.71792202E-06
   1.99999999E-08
   1.99999999E-08
   3.51060485E-03
   1.99999999E-08
  0.115696311    
   1.99999999E-08
   2.20825709E-02
   1.99999999E-08
   4.00237590E-02
   1.77068796E-04
   3.59822792E-07
   1.05525960E-05
   7.54222646E-02
   2.52793512E-07
   7.26659084E-03
   7.43218152E-06
   1.99999999E-08
   2.32529801E-05
   1.99999999E-08
   5.79928310E-05
   4.29735705E-02
   1.99999999E-08
   1.99999999E-08
  0.422529489    
  0.185686529    
   1.99999999E-08
   1.02023778E-05
   1.99999999E-08
   1.99999999E-08
   4.10828069E-02
   1.99999999E-08
   1.99999999E-08
   1.99999999E-08
   1.99999999E-08
   2.52529532E-02
   1.82503081E-05
   7.76220753E-04
  0.169456050    
   1.15263992E-06
   1.99999999E-08
   1.72052796E-06
   1.56669331    
   1.08381808E-02
   1.99999999E-08
   1.99999999E-08
   1.99999999E-08
   5.51756841E-07
   6.08074479E-04
   2.19617874E-07
   7.59001523E-02
   9.27312431E-05
   1.99999999E-08
   1.69291883E-03
   1.99999999E-08
   2.97648367E-04
   1.99999999E-08
   1.99999999E-08
   1.99999999E-08
   1.99999999E-08
   1.99999999E-08
   6.04376979E-02
   4.37298277E-03
   1.99999999E-08
   5.40941767E-03
   1.99999999E-08
   3.51982744E-04
   1.99999999E-08
   4.68642116E-02
   1.99999999E-08
   1.99999999E-08
   1.99999999E-08
   1.99999999E-08
   1.15063720E-07
   1.99999999E-08
   6.46610602E-07
   1.99999999E-08
   1.99999999E-08
  0.593575716    
  0.811477363    
   2.02051433E-06
   1.99999999E-08
   6.61421873E-05
  0.162234381    
   1.99999999E-08
   1.99999999E-08
   1.99999999E-08
   3.76740763E-06
   1.99999999E-08
   7.03879823E-06
   1.99999999E-08
   1.99999999E-08
   1.99999999E-08
   1.99999999E-08
   1.99999999E-08
   5.22255323E-06
   1.99999999E-08
   5.33623155E-04
   9.49035026E-03
   1.99999999E-08
   7.57924020E-02
   1.99999999E-08
   5.97177015E-04
   8.88738650E-05
   1.99999999E-08
   1.99999999E-08
   6.35382673E-03
   4.10093853E-05
   3.23412903E-02
   1.99999999E-08
   6.91485032E-02
   2.86884785    
   1.99999999E-08
   1.99999999E-08
   6.40587700E-07
   2.72815814E-03
   1.66435121E-03
   7.48304948E-02
   5.34291044E-02
   2.00146413E-03
   1.99999999E-08
  0.808724165    
   1.99999999E-08
   1.00977451E-03
   9.74572458E-08
  0.243692458    
   1.99999999E-08
   2.68103350E-02
   1.99999999E-08
   4.46666218E-02
   1.55483394E-06
   1.99999999E-08
   2.31769336E-05
  0.513486683    
   3.46792040E-05
   1.99999999E-08
   1.97796300E-02
   5.17088774E-05
   3.60249430E-02
   1.63732970E-04
   1.99999999E-08
   1.99999999E-08
   1.99999999E-08
  0.167482615    
   3.48780528E-02
   8.85253365E-04
   1.99999999E-08
  0.390953362    
   1.99999999E-08
   1.99999999E-08
   1.99999999E-08
   1.37632098E-02
  0.141495287    
   3.60143371E-03
   7.15806112E-02
   1.63776596E-04
   5.22401297E-06
  0.524529219    
   2.66655069E-02
  0.169290096    
   1.99999999E-08
   1.99999999E-08
   1.80930097E-03
  0.755315959    
   3.12039788E-06
   1.31318438    
  0.441280603    
   1.99999999E-08
   6.48109007    
   1.99999999E-08
   1.47672722E-06
   1.99999999E-08
   7.68937468E-07
   1.99999999E-08
   1.99999999E-08
   5.68741307E-05
   1.99999999E-08
   1.99999999E-08
   1.99999999E-08
   6.02243245E-02
   1.33943203E-07
   1.46452138E-07
  0.555527091    
   1.99999999E-08
   1.99999999E-08
   2.97731021E-05
   7.47704413E-04
   4.55825925E-02
   1.99999999E-08
   1.99999999E-08
   1.99999999E-08
   1.99999999E-08
   1.99999999E-08
   1.99999999E-08
   1.99999999E-08
   1.80816132E-05
   1.99999999E-08
   2.01034229E-02
   7.53605925E-03
   1.99999999E-08
   1.99999999E-08
   1.99999999E-08
   2.93799894E-06
   1.99999999E-08
   7.26674125E-02
   1.99999999E-08
   1.99999999E-08
   1.93944923E-03
   1.99999999E-08
   8.34860293E-06
  0.251149595    
   2.45671428E-04
   1.99999999E-08
   1.99999999E-08
   1.98592643E-05
   7.52254669E-03
   4.17339243E-02
   1.41691082E-04
   8.74135094E-06
   1.09294788E-07
  0.375325859    
   6.84473617E-03
   1.99999999E-08
   2.30722167E-02
   1.63918012E-05
   4.64191951E-04
   1.99999999E-08
   1.99999999E-08
   1.39365875E-04
   7.88809673E-04
  0.112103194    
   1.99999999E-08
   5.94851872E-06
   1.02601331E-02
   1.99999999E-08
   9.62126069E-05
   1.99999999E-08
   1.99999999E-08
   1.99999999E-08
  0.164263070    
   8.98449071E-06
   1.50261531E-05
   8.30195461E-07
   1.99999999E-08
   1.99999999E-08
   1.99999999E-08
   6.41506314E-02
   3.20915497E-05
  0.168168768    
   1.99999999E-08
   1.99999999E-08
   1.51116466E-02
   1.99999999E-08
  0.134293258    
   4.67399303E-07
   6.20859675E-03
   1.21288962E-04
   1.70996564E-03
   7.68573349E-03
  0.210762173    
   1.14974531E-03
   1.79989202E-05
   1.90589799E-05
   1.99999999E-08
   3.71471909E-03
   3.41601748E-07
   1.99999999E-08
   1.99999999E-08
   1.99999999E-08
   1.99999999E-08
   1.99999999E-08
   1.99999999E-08
   4.88218802E-07
   1.99999999E-08
   4.21161705E-04
   1.99999999E-08
   1.99999999E-08
   1.04510636E-05
   1.99999999E-08
   2.46769134E-02
   1.99999999E-08
   1.67624112E-05
   1.99999999E-08
   3.27571615E-05
   3.71712493E-04
   1.99999999E-08
   2.16826360E-04
   1.99999999E-08
   8.92493063E-07
   1.99999999E-08
   1.99999999E-08
   1.99999999E-08
   4.50906903E-03
   1.02852820E-04
   8.02593149E-06
   3.12834146E-07
   2.40881462E-03
   1.72038283E-02
   2.09241620E-07
   7.08863627E-06
   8.48967000E-04
   9.07360343E-04
   1.99999999E-08
   1.99999999E-08
   1.99999999E-08
   1.99999999E-08
   1.36335217E-07
   1.99999999E-08
   4.15468407    
   2.96265469E-04
   6.21801082E-05
   1.00290163E-05
   1.99999999E-08
   3.08022521E-07
   1.99999999E-08
   1.99999999E-08
   1.63244922E-02
   8.87151600E-06
   3.39777830E-06
   8.42360954E-04
   2.60890890E-02
   1.99999999E-08
  0.120231807    
   7.02417281E-04
  0.187977418    
   1.99999999E-08
   1.74049056    
   1.99999999E-08
   1.53688006E-07
   1.99999999E-08
   5.08231521E-02
   1.99773844E-04
   5.51852733E-02
   2.41968820E-07
   5.82264401E-02
   8.89626215E-04
   2.39669418E-04
   8.76651825E-07
   9.54378993E-06
   1.29181966E-02
   1.83121967    
   1.99999999E-08
   4.09818196E-04
   1.34682341E-06
   1.99999999E-08
   1.99999999E-08
   1.99999999E-08
   1.07640517E-05
   1.99999999E-08
   8.02722946E-02
   1.99999999E-08
