   724317.375       167384.266    
   657690.562       234009.984    
   591964.938       299730.375    
   515276.406       376421.344    
   475183.438       416485.031    
   470960.875       420736.656    
   513693.500       378002.500    
   431520.844       460134.062    
   406675.094       485007.594    
   414593.906       477092.281    
   315004.250       576684.625    
   319017.844       572629.250    
   316744.062       574933.188    
   250833.859       640862.938    
   287473.781       604227.875    
   327462.125       564090.000    
   288176.125       603222.500    
   256530.219       635074.125    
   310874.281       580463.688    
   294459.094       597028.188    
   188911.875       702463.062    
   212324.844       678861.562    
   283221.656       607834.188    
   229953.938       660313.062    
   186917.984       703674.500    
   236525.953       631976.125    
   196309.469       693334.375    
   169534.344       720096.312    
   219546.875       669975.938    
   165786.688       700735.375    
   184077.875       704518.438    
   186132.594       686020.812    
   166666.953       720735.375    
   148907.859       738526.875    
   100472.211       785789.062    
   183655.516       699785.062    
   140562.234       741280.250    
   193635.031       671301.875    
   124609.594       758845.438    
   162172.266       689922.875    
   178668.406       670859.562    
   161911.406       691137.562    
   109646.070       757150.938    
   137197.156       738923.750    
   114449.148       755844.688    
   90542.7500       786617.562    
   124617.688       745131.875    
   168678.969       695469.812    
   116669.617       722787.938    
   83063.8828       784049.062    
   105271.273       756442.375    
   121361.047       745183.125    
   79933.7812       780877.500    
   63798.0938       799850.625    
   90998.0938       761893.500    
   126516.086       742705.125    
   106275.906       740434.062    
   101226.906       726085.500    
   98586.6172       720817.188    
   124372.320       739667.562    
   109682.422       728869.312    
   94381.2109       729676.312    
   102206.305       748814.625    
   46747.9766       796249.438    
   50394.9688       783962.375    
   78414.9844       736369.500    
   47023.7031       808633.312    
   37964.1914       754746.812    
   73946.2109       761536.188    
   79449.7188       757297.500    
   51429.7461       802869.000    
   53778.9453       727120.750    
   69721.8672       761941.250    
   43244.8086       778780.375    
   90581.7344       755162.625    
