  0.190295458      0.809704542       0.00000000       0.00000000    
  0.279687583      0.720312417       0.00000000       0.00000000    
  0.339690119      0.660278499       3.13656601E-05   0.00000000    
  0.387303174      0.612696826       0.00000000       3.13656601E-05
  0.427357137      0.572611511       3.13656601E-05   0.00000000    
  0.463364899      0.536635101       0.00000000       1.25462640E-04
  0.488959283      0.511009336       3.13656601E-05   2.82290945E-04
  0.518411636      0.481494248       9.40969840E-05   9.09604190E-04
  0.540336251      0.459601015       6.27313202E-05   1.09779811E-03
  0.566307008      0.433630258       6.27313202E-05   1.94467092E-03
  0.586569250      0.413368046       6.27313202E-05   3.57568543E-03
  0.601216972      0.398688912       9.40969840E-05   5.48899081E-03
  0.619471788      0.380465478       6.27313202E-05   7.68458704E-03
  0.637130678      0.362837970       3.13656601E-05   1.07897874E-02
  0.654068112      0.345931888       0.00000000       1.37381591E-02
  0.663509190      0.336333990       1.56828304E-04   1.76902320E-02
  0.671413362      0.328367114       2.19559632E-04   2.23950818E-02
  0.685904264      0.313876182       2.19559632E-04   2.79154386E-02
  0.697039068      0.302364975       5.95947553E-04   3.20557058E-02
  0.709365785      0.289912790       7.21410208E-04   3.85797620E-02
  0.714321554      0.284831554       8.46872863E-04   4.61702533E-02
  0.721378863      0.277366549       1.25462643E-03   4.78953645E-02
  0.733046889      0.265447587       1.50555174E-03   5.36039136E-02
  0.740260959      0.257386625       2.35242466E-03   6.07239194E-02
  0.750235260      0.247475058       2.28969334E-03   6.52405769E-02
  0.750548899      0.246847749       2.60334974E-03   7.06041008E-02
  0.762122810      0.233736902       4.14026715E-03   7.27996975E-02
  0.767549098      0.227871522       4.57938667E-03   7.89160058E-02
  0.771281600      0.223292142       5.42625925E-03   8.73533636E-02
  0.779028893      0.214854777       6.11630408E-03   8.65064934E-02
  0.783890605      0.208738476       7.37093017E-03   9.03017372E-02
  0.791700661      0.199422866       8.87648202E-03   9.13054422E-02
  0.795778155      0.194843486       9.37833264E-03   9.49124917E-02
  0.798663795      0.191110969       1.02252057E-02  0.100840598    
  0.804654658      0.184241891       1.11034438E-02  0.100338750    
  0.804090083      0.181544438       1.43654728E-02  0.102910735    
  0.808387160      0.177059159       1.45536670E-02  0.106768712    
  0.815350354      0.169750959       1.48986885E-02  0.104667209    
  0.812558830      0.169437304       1.80038884E-02  0.106549151    
  0.817577302      0.162850514       1.95721723E-02  0.107458755    
  0.820713878      0.158647507       2.06386056E-02  0.108870208    
  0.825951934      0.152437106       2.16109399E-02  0.106266856    
  0.825857878      0.149300545       2.48416029E-02  0.108995669    
  0.829653084      0.144564331       2.57825740E-02  0.107176460    
  0.831848681      0.140988648       2.71626618E-02  0.108305626    
  0.832256436      0.137381598       3.03619597E-02  0.105608180    
  0.835738063      0.134495959       2.97660120E-02  0.107082367    
  0.836208522      0.130198851       3.35926227E-02  0.104228094    
  0.836459458      0.127783701       3.57568525E-02  0.106015936    
  0.840286076      0.122984760       3.67291905E-02  0.101499282    
  0.842638493      0.119628631       3.77328917E-02   9.98055339E-02
  0.843454003      0.117464401       3.90816145E-02  0.100495577    
  0.847813785      0.111630388       4.05558012E-02   9.57593620E-02
  0.847751081      0.110469855       4.17790599E-02   9.73276421E-02
  0.845398664      0.108682014       4.59193289E-02   9.51006860E-02
  0.849758506      0.104792669       4.54488434E-02   9.37833264E-02
  0.846433699      0.104008533       4.95577455E-02   9.38460603E-02
  0.854651511       9.48497579E-02   5.04987128E-02   8.59732777E-02
  0.853867412       9.52575132E-02   5.08751012E-02   8.70710760E-02
  0.852989137       9.27168950E-02   5.42939603E-02   8.58164504E-02
  0.855247498       8.93607661E-02   5.53917587E-02   8.25544223E-02
  0.855561137       8.77297521E-02   5.67091145E-02   8.17075446E-02
  0.854588807       8.39345083E-02   6.14766963E-02   7.73163512E-02
  0.857035339       8.42167959E-02   5.87478839E-02   7.99824372E-02
  0.857756734       8.11743289E-02   6.10689409E-02   7.66263083E-02
  0.855968893       7.74418190E-02   6.65892959E-02   7.32388198E-02
  0.858666360       7.72849917E-02   6.40486777E-02   7.41170570E-02
  0.858980000       7.42425174E-02   6.67774901E-02   7.10432231E-02
  0.860265970       7.14823380E-02   6.82516769E-02   6.86907992E-02
  0.858007669       7.00395182E-02   7.19528273E-02   6.80321157E-02
  0.857411683       7.05727339E-02   7.20155537E-02   6.84712380E-02
  0.861708820       6.52405769E-02   7.30506256E-02   6.35781959E-02
  0.860956013       6.43309727E-02   7.47130066E-02   6.28567860E-02
  0.862900674       6.10062107E-02   7.60930926E-02   5.96574880E-02
  0.858478129       6.17589876E-02   7.97628760E-02   6.04729950E-02
